Performing C SOURCE FILE Test CMAKE_HAVE_LIBC_PTHREAD failed with the following output:
Change Dir: /home/book/SLAM_Learning/ch6/cmake-build-debug/CMakeFiles/CMakeTmp

Run Build Command(s):/usr/bin/make cmTC_5e7cc/fast && /usr/bin/make  -f CMakeFiles/cmTC_5e7cc.dir/build.make CMakeFiles/cmTC_5e7cc.dir/build
make[1]: Entering directory '/home/book/SLAM_Learning/ch6/cmake-build-debug/CMakeFiles/CMakeTmp'
Building C object CMakeFiles/cmTC_5e7cc.dir/src.c.o
/usr/bin/cc   -DCMAKE_HAVE_LIBC_PTHREAD   -o CMakeFiles/cmTC_5e7cc.dir/src.c.o   -c /home/book/SLAM_Learning/ch6/cmake-build-debug/CMakeFiles/CMakeTmp/src.c
Linking C executable cmTC_5e7cc
/home/book/clion-2020.2.5/bin/cmake/linux/bin/cmake -E cmake_link_script CMakeFiles/cmTC_5e7cc.dir/link.txt --verbose=1
/usr/bin/cc  -DCMAKE_HAVE_LIBC_PTHREAD    CMakeFiles/cmTC_5e7cc.dir/src.c.o  -o cmTC_5e7cc 
CMakeFiles/cmTC_5e7cc.dir/src.c.o：在函数‘main’中：
src.c:(.text+0x3c)：对‘pthread_create’未定义的引用
src.c:(.text+0x48)：对‘pthread_detach’未定义的引用
src.c:(.text+0x54)：对‘pthread_cancel’未定义的引用
src.c:(.text+0x65)：对‘pthread_join’未定义的引用
src.c:(.text+0x79)：对‘pthread_atfork’未定义的引用
collect2: error: ld returned 1 exit status
CMakeFiles/cmTC_5e7cc.dir/build.make:106: recipe for target 'cmTC_5e7cc' failed
make[1]: *** [cmTC_5e7cc] Error 1
make[1]: Leaving directory '/home/book/SLAM_Learning/ch6/cmake-build-debug/CMakeFiles/CMakeTmp'
Makefile:141: recipe for target 'cmTC_5e7cc/fast' failed
make: *** [cmTC_5e7cc/fast] Error 2


Source file was:
#include <pthread.h>

void* test_func(void* data)
{
  return data;
}

int main(void)
{
  pthread_t thread;
  pthread_create(&thread, NULL, test_func, NULL);
  pthread_detach(thread);
  pthread_cancel(thread);
  pthread_join(thread, NULL);
  pthread_atfork(NULL, NULL, NULL);
  pthread_exit(NULL);

  return 0;
}

Determining if the function pthread_create exists in the pthreads failed with the following output:
Change Dir: /home/book/SLAM_Learning/ch6/cmake-build-debug/CMakeFiles/CMakeTmp

Run Build Command(s):/usr/bin/make cmTC_0dde7/fast && /usr/bin/make  -f CMakeFiles/cmTC_0dde7.dir/build.make CMakeFiles/cmTC_0dde7.dir/build
make[1]: Entering directory '/home/book/SLAM_Learning/ch6/cmake-build-debug/CMakeFiles/CMakeTmp'
Building C object CMakeFiles/cmTC_0dde7.dir/CheckFunctionExists.c.o
/usr/bin/cc   -DCHECK_FUNCTION_EXISTS=pthread_create   -o CMakeFiles/cmTC_0dde7.dir/CheckFunctionExists.c.o   -c /home/book/clion-2020.2.5/bin/cmake/linux/share/cmake-3.17/Modules/CheckFunctionExists.c
Linking C executable cmTC_0dde7
/home/book/clion-2020.2.5/bin/cmake/linux/bin/cmake -E cmake_link_script CMakeFiles/cmTC_0dde7.dir/link.txt --verbose=1
/usr/bin/cc  -DCHECK_FUNCTION_EXISTS=pthread_create    CMakeFiles/cmTC_0dde7.dir/CheckFunctionExists.c.o  -o cmTC_0dde7  -lpthreads 
/usr/bin/ld: 找不到 -lpthreads
collect2: error: ld returned 1 exit status
CMakeFiles/cmTC_0dde7.dir/build.make:106: recipe for target 'cmTC_0dde7' failed
make[1]: *** [cmTC_0dde7] Error 1
make[1]: Leaving directory '/home/book/SLAM_Learning/ch6/cmake-build-debug/CMakeFiles/CMakeTmp'
Makefile:141: recipe for target 'cmTC_0dde7/fast' failed
make: *** [cmTC_0dde7/fast] Error 2



